d:\skolarbete\tncg15\mc_raytracer\raytracer\raytracer\debug\vc141.pdb
d:\skolarbete\tncg15\mc_raytracer\raytracer\raytracer\debug\vc141.idb
d:\skolarbete\tncg15\mc_raytracer\raytracer\raytracer\debug\triangle.obj
d:\skolarbete\tncg15\mc_raytracer\raytracer\raytracer\debug\vertex.obj
d:\skolarbete\tncg15\mc_raytracer\raytracer\raytracer\debug\scene.obj
d:\skolarbete\tncg15\mc_raytracer\raytracer\raytracer\debug\ray.obj
d:\skolarbete\tncg15\mc_raytracer\raytracer\raytracer\debug\pixel.obj
d:\skolarbete\tncg15\mc_raytracer\raytracer\raytracer\debug\main.obj
d:\skolarbete\tncg15\mc_raytracer\raytracer\raytracer\debug\direction.obj
d:\skolarbete\tncg15\mc_raytracer\raytracer\raytracer\debug\colordbl.obj
d:\skolarbete\tncg15\mc_raytracer\raytracer\raytracer\debug\camera.obj
d:\skolarbete\tncg15\mc_raytracer\raytracer\debug\raytracer.exe
d:\skolarbete\tncg15\mc_raytracer\raytracer\debug\raytracer.ilk
d:\skolarbete\tncg15\mc_raytracer\raytracer\debug\raytracer.pdb
d:\skolarbete\tncg15\mc_raytracer\raytracer\raytracer\debug\raytracer.tlog\cl.command.1.tlog
d:\skolarbete\tncg15\mc_raytracer\raytracer\raytracer\debug\raytracer.tlog\cl.read.1.tlog
d:\skolarbete\tncg15\mc_raytracer\raytracer\raytracer\debug\raytracer.tlog\cl.write.1.tlog
d:\skolarbete\tncg15\mc_raytracer\raytracer\raytracer\debug\raytracer.tlog\link-cvtres.read.1.tlog
d:\skolarbete\tncg15\mc_raytracer\raytracer\raytracer\debug\raytracer.tlog\link-cvtres.write.1.tlog
d:\skolarbete\tncg15\mc_raytracer\raytracer\raytracer\debug\raytracer.tlog\link-rc.read.1.tlog
d:\skolarbete\tncg15\mc_raytracer\raytracer\raytracer\debug\raytracer.tlog\link-rc.write.1.tlog
d:\skolarbete\tncg15\mc_raytracer\raytracer\raytracer\debug\raytracer.tlog\link.2268-cvtres.read.1.tlog
d:\skolarbete\tncg15\mc_raytracer\raytracer\raytracer\debug\raytracer.tlog\link.2268-cvtres.write.1.tlog
d:\skolarbete\tncg15\mc_raytracer\raytracer\raytracer\debug\raytracer.tlog\link.2268-rc.read.1.tlog
d:\skolarbete\tncg15\mc_raytracer\raytracer\raytracer\debug\raytracer.tlog\link.2268-rc.write.1.tlog
d:\skolarbete\tncg15\mc_raytracer\raytracer\raytracer\debug\raytracer.tlog\link.2268.read.1.tlog
d:\skolarbete\tncg15\mc_raytracer\raytracer\raytracer\debug\raytracer.tlog\link.2268.write.1.tlog
d:\skolarbete\tncg15\mc_raytracer\raytracer\raytracer\debug\raytracer.tlog\link.command.1.tlog
d:\skolarbete\tncg15\mc_raytracer\raytracer\raytracer\debug\raytracer.tlog\link.read.1.tlog
d:\skolarbete\tncg15\mc_raytracer\raytracer\raytracer\debug\raytracer.tlog\link.write.1.tlog
